<?xml version="1.0" encoding="UTF-8"?>
<!-- Generated by org.testng.reporters.JUnitReportReporter -->
<testsuite hostname="SIXNS289" failures="0" tests="1" name="local.HLVTestApp.APITests.RegisterUserTests" time="0.000" errors="0" timestamp="2021-09-14T17:07:04 CEST" skipped="1">
  <testcase classname="local.HLVTestApp.APITests.RegisterUserTests" name="RegisterUser" time="0.000">
    <skipped/>
  </testcase> <!-- RegisterUser -->
  <system-out/>
</testsuite> <!-- local.HLVTestApp.APITests.RegisterUserTests -->
