<?xml version="1.0" encoding="UTF-8"?>
<!-- Generated by org.testng.reporters.JUnitReportReporter -->
<testsuite hostname="SIXNS289" failures="0" tests="1" name="local.HLVTestApp.APITests.PUT_RegisterUser_Tests" time="0.000" errors="0" timestamp="2021-09-14T17:01:37 CEST" skipped="1">
  <testcase classname="local.HLVTestApp.APITests.PUT_RegisterUser_Tests" name="PUT_RegisterUser" time="0.000">
    <skipped/>
  </testcase> <!-- PUT_RegisterUser -->
  <system-out/>
</testsuite> <!-- local.HLVTestApp.APITests.PUT_RegisterUser_Tests -->
