<?xml version="1.0" encoding="UTF-8"?>
<!-- Generated by org.testng.reporters.JUnitReportReporter -->
<testsuite hostname="SIXNS289" failures="0" tests="1" name="local.HLVTestApp.APITests.POST_ValidateLogin_Tests" time="2.096" errors="0" timestamp="2021-09-10T15:40:16 CEST" skipped="0">
  <testcase classname="local.HLVTestApp.APITests.POST_ValidateLogin_Tests" name="POST_validateUnsuccessfullLoginWrongUsername" time="2.096"/>
  <system-out/>
</testsuite> <!-- local.HLVTestApp.APITests.POST_ValidateLogin_Tests -->
