<?xml version="1.0" encoding="UTF-8"?>
<!-- Generated by org.testng.reporters.JUnitReportReporter -->
<testsuite hostname="Aleksandar" failures="0" tests="5" name="local.HLVTestApp.APITests.API_FindByUsernameTests" time="0.190" errors="0" timestamp="2021-09-15T21:19:15 CEST" skipped="0">
  <testcase classname="local.HLVTestApp.APITests.API_FindByUsernameTests" name="API_FindByUsername" time="0.017"/>
  <system-out/>
  <testcase classname="local.HLVTestApp.APITests.API_FindByUsernameTests" name="API_FindByUsername" time="0.014"/>
  <system-out/>
  <testcase classname="local.HLVTestApp.APITests.API_FindByUsernameTests" name="API_FindByUsername" time="0.108"/>
  <system-out/>
  <testcase classname="local.HLVTestApp.APITests.API_FindByUsernameTests" name="API_FindByUsername" time="0.041"/>
  <system-out/>
  <testcase classname="local.HLVTestApp.APITests.API_FindByUsernameTests" name="API_FindByUsername" time="0.010"/>
  <system-out/>
</testsuite> <!-- local.HLVTestApp.APITests.API_FindByUsernameTests -->
