<?xml version="1.0" encoding="UTF-8"?>
<!-- Generated by org.testng.reporters.JUnitReportReporter -->
<testsuite hostname="SIXNS289" failures="0" tests="5" name="local.HLVTestApp.APITests.API_DeleteByUsernameTests" time="0.091" errors="0" timestamp="2021-09-16T11:09:24 CEST" skipped="0">
  <testcase classname="local.HLVTestApp.APITests.API_DeleteByUsernameTests" name="API_DeleteByUsername" time="0.021"/>
  <system-out/>
  <testcase classname="local.HLVTestApp.APITests.API_DeleteByUsernameTests" name="API_DeleteByUsername" time="0.011"/>
  <system-out/>
  <testcase classname="local.HLVTestApp.APITests.API_DeleteByUsernameTests" name="API_DeleteByUsername" time="0.018"/>
  <system-out/>
  <testcase classname="local.HLVTestApp.APITests.API_DeleteByUsernameTests" name="API_DeleteByUsername" time="0.026"/>
  <system-out/>
  <testcase classname="local.HLVTestApp.APITests.API_DeleteByUsernameTests" name="API_DeleteByUsername" time="0.015"/>
  <system-out/>
</testsuite> <!-- local.HLVTestApp.APITests.API_DeleteByUsernameTests -->
