<?xml version="1.0" encoding="UTF-8"?>
<!-- Generated by org.testng.reporters.JUnitReportReporter -->
<testsuite hostname="Aleksandar" failures="0" tests="5" name="local.HLVTestApp.APITests.API_FindByUsernameTests" time="0.192" errors="0" timestamp="2021-09-16T12:45:29 CEST" skipped="0">
  <testcase classname="local.HLVTestApp.APITests.API_FindByUsernameTests" name="API_FindByUsername" time="0.009"/>
  <system-out/>
  <testcase classname="local.HLVTestApp.APITests.API_FindByUsernameTests" name="API_FindByUsername" time="0.014"/>
  <system-out/>
  <testcase classname="local.HLVTestApp.APITests.API_FindByUsernameTests" name="API_FindByUsername" time="0.011"/>
  <system-out/>
  <testcase classname="local.HLVTestApp.APITests.API_FindByUsernameTests" name="API_FindByUsername" time="0.146"/>
  <system-out/>
  <testcase classname="local.HLVTestApp.APITests.API_FindByUsernameTests" name="API_FindByUsername" time="0.012"/>
  <system-out/>
</testsuite> <!-- local.HLVTestApp.APITests.API_FindByUsernameTests -->
