<?xml version="1.0" encoding="UTF-8"?>
<!-- Generated by org.testng.reporters.JUnitReportReporter -->
<testsuite hostname="SIXNS289" failures="0" tests="5" name="local.HLVTestApp.APITests.API_FindByUsernameTests" time="0.145" errors="0" timestamp="2021-09-16T11:09:24 CEST" skipped="0">
  <testcase classname="local.HLVTestApp.APITests.API_FindByUsernameTests" name="API_FindByUsername" time="0.012"/>
  <system-out/>
  <testcase classname="local.HLVTestApp.APITests.API_FindByUsernameTests" name="API_FindByUsername" time="0.018"/>
  <system-out/>
  <testcase classname="local.HLVTestApp.APITests.API_FindByUsernameTests" name="API_FindByUsername" time="0.010"/>
  <system-out/>
  <testcase classname="local.HLVTestApp.APITests.API_FindByUsernameTests" name="API_FindByUsername" time="0.093"/>
  <system-out/>
  <testcase classname="local.HLVTestApp.APITests.API_FindByUsernameTests" name="API_FindByUsername" time="0.012"/>
  <system-out/>
</testsuite> <!-- local.HLVTestApp.APITests.API_FindByUsernameTests -->
