<?xml version="1.0" encoding="UTF-8"?>
<!-- Generated by org.testng.reporters.JUnitReportReporter -->
<testsuite hostname="SIXNS289" failures="0" tests="9" name="local.HLVTestApp.APITests.API_RegisterUserTests" time="1.407" errors="0" timestamp="2021-09-14T19:26:17 CEST" skipped="0">
  <testcase classname="local.HLVTestApp.APITests.API_RegisterUserTests" name="API_RegisterUser" time="0.022"/>
  <system-out/>
  <testcase classname="local.HLVTestApp.APITests.API_RegisterUserTests" name="API_RegisterUser" time="0.025"/>
  <system-out/>
  <testcase classname="local.HLVTestApp.APITests.API_RegisterUserTests" name="API_RegisterUser" time="0.028"/>
  <system-out/>
  <testcase classname="local.HLVTestApp.APITests.API_RegisterUserTests" name="API_RegisterUser" time="0.044"/>
  <system-out/>
  <testcase classname="local.HLVTestApp.APITests.API_RegisterUserTests" name="API_RegisterUser" time="0.024"/>
  <system-out/>
  <testcase classname="local.HLVTestApp.APITests.API_RegisterUserTests" name="API_RegisterUser" time="1.204"/>
  <system-out/>
  <testcase classname="local.HLVTestApp.APITests.API_RegisterUserTests" name="API_RegisterUser" time="0.019"/>
  <system-out/>
  <testcase classname="local.HLVTestApp.APITests.API_RegisterUserTests" name="API_RegisterUser" time="0.023"/>
  <system-out/>
  <testcase classname="local.HLVTestApp.APITests.API_RegisterUserTests" name="API_RegisterUser" time="0.018"/>
  <system-out/>
</testsuite> <!-- local.HLVTestApp.APITests.API_RegisterUserTests -->
