<?xml version="1.0" encoding="UTF-8"?>
<!-- Generated by org.testng.reporters.JUnitReportReporter -->
<testsuite hostname="Aleksandar" failures="0" tests="4" name="local.HLVTestApp.loginandsignuptests.NegativeSignUpTests" time="19.056" errors="0" timestamp="2021-09-15T12:08:58 CEST" skipped="0">
  <testcase classname="local.HLVTestApp.loginandsignuptests.NegativeSignUpTests" name="verifyUnsuccessfulSignUpAction" time="4.078"/>
  <system-out/>
  <testcase classname="local.HLVTestApp.loginandsignuptests.NegativeSignUpTests" name="verifyUnsuccessfulSignUpAction" time="4.176"/>
  <system-out/>
  <testcase classname="local.HLVTestApp.loginandsignuptests.NegativeSignUpTests" name="verifyUnsuccessfulSignUpAction" time="4.256"/>
  <system-out/>
  <testcase classname="local.HLVTestApp.loginandsignuptests.NegativeSignUpTests" name="verifyUnsuccessfulSignUpAction" time="6.546"/>
  <system-out/>
</testsuite> <!-- local.HLVTestApp.loginandsignuptests.NegativeSignUpTests -->
