<?xml version="1.0" encoding="UTF-8"?>
<!-- Generated by org.testng.reporters.JUnitReportReporter -->
<testsuite hostname="Aleksandar" failures="0" tests="4" name="local.HLVTestApp.loginandsignuptests.PositiveSignUpTests" time="23.863" errors="0" timestamp="2021-09-15T11:35:26 CEST" skipped="0">
  <testcase classname="local.HLVTestApp.loginandsignuptests.PositiveSignUpTests" name="verifySuccessfulSignUpActionFirefox" time="7.465"/>
  <system-out/>
  <testcase classname="local.HLVTestApp.loginandsignuptests.PositiveSignUpTests" name="verifySuccessfulSignUpActionFirefox" time="5.742"/>
  <system-out/>
  <testcase classname="local.HLVTestApp.loginandsignuptests.PositiveSignUpTests" name="verifySuccessfulSignUpActionChrome" time="7.196"/>
  <system-out/>
  <testcase classname="local.HLVTestApp.loginandsignuptests.PositiveSignUpTests" name="verifySuccessfulSignUpActionChrome" time="3.460"/>
  <system-out/>
</testsuite> <!-- local.HLVTestApp.loginandsignuptests.PositiveSignUpTests -->
