<?xml version="1.0" encoding="UTF-8"?>
<!-- Generated by org.testng.reporters.JUnitReportReporter -->
<testsuite hostname="Aleksandar" failures="0" tests="1" name="local.HLVTestApp.APITests.API_DeleteAllUsersTests" time="0.056" errors="0" timestamp="2021-09-16T12:45:29 CEST" skipped="0">
  <testcase classname="local.HLVTestApp.APITests.API_DeleteAllUsersTests" name="API_DeleteAllUsers" time="0.056"/>
  <system-out/>
</testsuite> <!-- local.HLVTestApp.APITests.API_DeleteAllUsersTests -->
