<?xml version="1.0" encoding="UTF-8"?>
<!-- Generated by org.testng.reporters.JUnitReportReporter -->
<testsuite hostname="Aleksandar" failures="0" tests="4" name="local.HLVTestApp.loginandsignuptests.PositiveSignUpTests" time="20.115" errors="0" timestamp="2021-09-15T21:19:15 CEST" skipped="0">
  <testcase classname="local.HLVTestApp.loginandsignuptests.PositiveSignUpTests" name="verifySuccessfulSignUpActionChrome" time="7.656"/>
  <system-out/>
  <testcase classname="local.HLVTestApp.loginandsignuptests.PositiveSignUpTests" name="verifySuccessfulSignUpActionChrome" time="3.248"/>
  <system-out/>
  <testcase classname="local.HLVTestApp.loginandsignuptests.PositiveSignUpTests" name="verifySuccessfulSignUpActionFirefox" time="4.140"/>
  <system-out/>
  <testcase classname="local.HLVTestApp.loginandsignuptests.PositiveSignUpTests" name="verifySuccessfulSignUpActionFirefox" time="5.071"/>
  <system-out/>
</testsuite> <!-- local.HLVTestApp.loginandsignuptests.PositiveSignUpTests -->
