<?xml version="1.0" encoding="UTF-8"?>
<!-- Generated by org.testng.reporters.JUnitReportReporter -->
<testsuite hostname="SIXNS289" failures="0" tests="1" name="local.HLVTestApp.loginandsignuptests.PositiveLoginTest" time="92.033" errors="0" timestamp="2021-09-10T00:47:17 CEST" skipped="0">
  <testcase classname="local.HLVTestApp.loginandsignuptests.PositiveLoginTest" name="verifySuccessfullSignUpAction" time="92.033"/>
  <system-out/>
</testsuite> <!-- local.HLVTestApp.loginandsignuptests.PositiveLoginTest -->
