<?xml version="1.0" encoding="UTF-8"?>
<!-- Generated by org.testng.reporters.JUnitReportReporter -->
<testsuite hostname="Aleksandar" failures="0" tests="4" name="local.HLVTestApp.loginandsignuptests.NegativeSignUpTests" time="13.636" errors="0" timestamp="2021-09-16T17:37:31 CEST" skipped="0">
  <testcase classname="local.HLVTestApp.loginandsignuptests.NegativeSignUpTests" name="verifyUnsuccessfulSignUpAction" time="2.698"/>
  <system-out/>
  <testcase classname="local.HLVTestApp.loginandsignuptests.NegativeSignUpTests" name="verifyUnsuccessfulSignUpAction" time="4.063"/>
  <system-out/>
  <testcase classname="local.HLVTestApp.loginandsignuptests.NegativeSignUpTests" name="verifyUnsuccessfulSignUpAction" time="2.702"/>
  <system-out/>
  <testcase classname="local.HLVTestApp.loginandsignuptests.NegativeSignUpTests" name="verifyUnsuccessfulSignUpAction" time="4.173"/>
  <system-out/>
</testsuite> <!-- local.HLVTestApp.loginandsignuptests.NegativeSignUpTests -->
