<?xml version="1.0" encoding="UTF-8"?>
<!-- Generated by org.testng.reporters.JUnitReportReporter -->
<testsuite hostname="Aleksandar" failures="0" tests="9" name="local.HLVTestApp.APITests.API_RegisterUserTests" time="1.461" errors="0" timestamp="2021-09-15T19:21:06 CEST" skipped="0">
  <testcase classname="local.HLVTestApp.APITests.API_RegisterUserTests" name="API_RegisterUser" time="0.011"/>
  <system-out/>
  <testcase classname="local.HLVTestApp.APITests.API_RegisterUserTests" name="API_RegisterUser" time="0.018"/>
  <system-out/>
  <testcase classname="local.HLVTestApp.APITests.API_RegisterUserTests" name="API_RegisterUser" time="1.321"/>
  <system-out/>
  <testcase classname="local.HLVTestApp.APITests.API_RegisterUserTests" name="API_RegisterUser" time="0.016"/>
  <system-out/>
  <testcase classname="local.HLVTestApp.APITests.API_RegisterUserTests" name="API_RegisterUser" time="0.017"/>
  <system-out/>
  <testcase classname="local.HLVTestApp.APITests.API_RegisterUserTests" name="API_RegisterUser" time="0.015"/>
  <system-out/>
  <testcase classname="local.HLVTestApp.APITests.API_RegisterUserTests" name="API_RegisterUser" time="0.012"/>
  <system-out/>
  <testcase classname="local.HLVTestApp.APITests.API_RegisterUserTests" name="API_RegisterUser" time="0.017"/>
  <system-out/>
  <testcase classname="local.HLVTestApp.APITests.API_RegisterUserTests" name="API_RegisterUser" time="0.034"/>
  <system-out/>
</testsuite> <!-- local.HLVTestApp.APITests.API_RegisterUserTests -->
