<?xml version="1.0" encoding="UTF-8"?>
<!-- Generated by org.testng.reporters.JUnitReportReporter -->
<testsuite hostname="SIXNS289" failures="0" tests="4" name="local.HLVTestApp.loginandsignuptests.PositiveSignUpTests" time="17.801" errors="0" timestamp="2021-09-16T11:12:11 CEST" skipped="0">
  <testcase classname="local.HLVTestApp.loginandsignuptests.PositiveSignUpTests" name="verifySuccessfulSignUpActionChrome" time="3.535"/>
  <system-out/>
  <testcase classname="local.HLVTestApp.loginandsignuptests.PositiveSignUpTests" name="verifySuccessfulSignUpActionFirefox" time="4.270"/>
  <system-out/>
  <testcase classname="local.HLVTestApp.loginandsignuptests.PositiveSignUpTests" name="verifySuccessfulSignUpActionChrome" time="4.635"/>
  <system-out/>
  <testcase classname="local.HLVTestApp.loginandsignuptests.PositiveSignUpTests" name="verifySuccessfulSignUpActionFirefox" time="5.361"/>
  <system-out/>
</testsuite> <!-- local.HLVTestApp.loginandsignuptests.PositiveSignUpTests -->
