<?xml version="1.0" encoding="UTF-8"?>
<!-- Generated by org.testng.reporters.JUnitReportReporter -->
<testsuite hostname="Aleksandar" failures="0" tests="5" name="local.HLVTestApp.APITests.API_FindByUsernameTests" time="0.179" errors="0" timestamp="2021-09-16T02:34:17 CEST" skipped="0">
  <testcase classname="local.HLVTestApp.APITests.API_FindByUsernameTests" name="API_FindByUsername" time="0.134"/>
  <system-out/>
  <testcase classname="local.HLVTestApp.APITests.API_FindByUsernameTests" name="API_FindByUsername" time="0.014"/>
  <system-out/>
  <testcase classname="local.HLVTestApp.APITests.API_FindByUsernameTests" name="API_FindByUsername" time="0.009"/>
  <system-out/>
  <testcase classname="local.HLVTestApp.APITests.API_FindByUsernameTests" name="API_FindByUsername" time="0.013"/>
  <system-out/>
  <testcase classname="local.HLVTestApp.APITests.API_FindByUsernameTests" name="API_FindByUsername" time="0.009"/>
  <system-out/>
</testsuite> <!-- local.HLVTestApp.APITests.API_FindByUsernameTests -->
