<?xml version="1.0" encoding="UTF-8"?>
<!-- Generated by org.testng.reporters.JUnitReportReporter -->
<testsuite hostname="SIXNS289" failures="0" tests="4" name="local.HLVTestApp.loginandsignuptests.NegativeSignUpTests" time="14.114" errors="0" timestamp="2021-09-16T11:12:11 CEST" skipped="0">
  <testcase classname="local.HLVTestApp.loginandsignuptests.NegativeSignUpTests" name="verifyUnsuccessfulSignUpAction" time="2.629"/>
  <system-out/>
  <testcase classname="local.HLVTestApp.loginandsignuptests.NegativeSignUpTests" name="verifyUnsuccessfulSignUpAction" time="2.619"/>
  <system-out/>
  <testcase classname="local.HLVTestApp.loginandsignuptests.NegativeSignUpTests" name="verifyUnsuccessfulSignUpAction" time="4.167"/>
  <system-out/>
  <testcase classname="local.HLVTestApp.loginandsignuptests.NegativeSignUpTests" name="verifyUnsuccessfulSignUpAction" time="4.699"/>
  <system-out/>
</testsuite> <!-- local.HLVTestApp.loginandsignuptests.NegativeSignUpTests -->
