<?xml version="1.0" encoding="UTF-8"?>
<!-- Generated by org.testng.reporters.JUnitReportReporter -->
<testsuite hostname="SIXNS289" failures="0" tests="9" name="local.HLVTestApp.APITests.API_RegisterUserTests" time="2.611" errors="0" timestamp="2021-09-16T11:09:24 CEST" skipped="0">
  <testcase classname="local.HLVTestApp.APITests.API_RegisterUserTests" name="API_RegisterUser" time="2.387"/>
  <system-out/>
  <testcase classname="local.HLVTestApp.APITests.API_RegisterUserTests" name="API_RegisterUser" time="0.019"/>
  <system-out/>
  <testcase classname="local.HLVTestApp.APITests.API_RegisterUserTests" name="API_RegisterUser" time="0.022"/>
  <system-out/>
  <testcase classname="local.HLVTestApp.APITests.API_RegisterUserTests" name="API_RegisterUser" time="0.020"/>
  <system-out/>
  <testcase classname="local.HLVTestApp.APITests.API_RegisterUserTests" name="API_RegisterUser" time="0.023"/>
  <system-out/>
  <testcase classname="local.HLVTestApp.APITests.API_RegisterUserTests" name="API_RegisterUser" time="0.055"/>
  <system-out/>
  <testcase classname="local.HLVTestApp.APITests.API_RegisterUserTests" name="API_RegisterUser" time="0.029"/>
  <system-out/>
  <testcase classname="local.HLVTestApp.APITests.API_RegisterUserTests" name="API_RegisterUser" time="0.034"/>
  <system-out/>
  <testcase classname="local.HLVTestApp.APITests.API_RegisterUserTests" name="API_RegisterUser" time="0.022"/>
  <system-out/>
</testsuite> <!-- local.HLVTestApp.APITests.API_RegisterUserTests -->
