<?xml version="1.0" encoding="UTF-8"?>
<!-- Generated by org.testng.reporters.JUnitReportReporter -->
<testsuite hostname="SIXNS289" failures="0" tests="1" name="local.HLVTestApp.APITests.DELETE_DeleteAllUsers_Tests" time="2.061" errors="0" timestamp="2021-09-10T15:14:45 CEST" skipped="0">
  <testcase classname="local.HLVTestApp.APITests.DELETE_DeleteAllUsers_Tests" name="DELETE_DeleteAllUsers" time="2.061"/>
  <system-out/>
</testsuite> <!-- local.HLVTestApp.APITests.DELETE_DeleteAllUsers_Tests -->
