<?xml version="1.0" encoding="UTF-8"?>
<!-- Generated by org.testng.reporters.JUnitReportReporter -->
<testsuite hostname="SIXNS289" failures="0" tests="5" name="local.HLVTestApp.APITests.API_DeleteByUsernameTests" time="1.388" errors="0" timestamp="2021-09-14T19:19:55 CEST" skipped="0">
  <testcase classname="local.HLVTestApp.APITests.API_DeleteByUsernameTests" name="API_DeleteByUsername" time="0.025"/>
  <system-out/>
  <testcase classname="local.HLVTestApp.APITests.API_DeleteByUsernameTests" name="API_DeleteByUsername" time="1.244"/>
  <system-out/>
  <testcase classname="local.HLVTestApp.APITests.API_DeleteByUsernameTests" name="API_DeleteByUsername" time="0.018"/>
  <system-out/>
  <testcase classname="local.HLVTestApp.APITests.API_DeleteByUsernameTests" name="API_DeleteByUsername" time="0.076"/>
  <system-out/>
  <testcase classname="local.HLVTestApp.APITests.API_DeleteByUsernameTests" name="API_DeleteByUsername" time="0.025"/>
  <system-out/>
</testsuite> <!-- local.HLVTestApp.APITests.API_DeleteByUsernameTests -->
