<?xml version="1.0" encoding="UTF-8"?>
<!-- Generated by org.testng.reporters.JUnitReportReporter -->
<testsuite hostname="Aleksandar" failures="0" tests="4" name="local.HLVTestApp.loginandsignuptests.PositiveSignUpTests" time="19.840" errors="0" timestamp="2021-09-16T17:37:31 CEST" skipped="0">
  <testcase classname="local.HLVTestApp.loginandsignuptests.PositiveSignUpTests" name="verifySuccessfulSignUpActionFirefox" time="4.622"/>
  <system-out/>
  <testcase classname="local.HLVTestApp.loginandsignuptests.PositiveSignUpTests" name="verifySuccessfulSignUpActionFirefox" time="4.422"/>
  <system-out/>
  <testcase classname="local.HLVTestApp.loginandsignuptests.PositiveSignUpTests" name="verifySuccessfulSignUpActionChrome" time="7.748"/>
  <system-out/>
  <testcase classname="local.HLVTestApp.loginandsignuptests.PositiveSignUpTests" name="verifySuccessfulSignUpActionChrome" time="3.048"/>
  <system-out/>
</testsuite> <!-- local.HLVTestApp.loginandsignuptests.PositiveSignUpTests -->
