<?xml version="1.0" encoding="UTF-8"?>
<!-- Generated by org.testng.reporters.JUnitReportReporter -->
<testsuite hostname="SIXNS289" failures="0" tests="1" name="local.HLVTestApp.APITests.GET_FindByUsername_Tests" time="1.714" errors="0" timestamp="2021-09-10T23:22:54 CEST" skipped="0">
  <testcase classname="local.HLVTestApp.APITests.GET_FindByUsername_Tests" name="GET_findByExistingUsername" time="1.714"/>
  <system-out/>
</testsuite> <!-- local.HLVTestApp.APITests.GET_FindByUsername_Tests -->
