<?xml version="1.0" encoding="UTF-8"?>
<!-- Generated by org.testng.reporters.JUnitReportReporter -->
<testsuite hostname="Aleksandar" failures="0" tests="9" name="local.HLVTestApp.APITests.API_RegisterUserTests" time="2.889" errors="0" timestamp="2021-09-15T21:19:15 CEST" skipped="0">
  <testcase classname="local.HLVTestApp.APITests.API_RegisterUserTests" name="API_RegisterUser" time="0.026"/>
  <system-out/>
  <testcase classname="local.HLVTestApp.APITests.API_RegisterUserTests" name="API_RegisterUser" time="0.012"/>
  <system-out/>
  <testcase classname="local.HLVTestApp.APITests.API_RegisterUserTests" name="API_RegisterUser" time="0.011"/>
  <system-out/>
  <testcase classname="local.HLVTestApp.APITests.API_RegisterUserTests" name="API_RegisterUser" time="2.739"/>
  <system-out/>
  <testcase classname="local.HLVTestApp.APITests.API_RegisterUserTests" name="API_RegisterUser" time="0.034"/>
  <system-out/>
  <testcase classname="local.HLVTestApp.APITests.API_RegisterUserTests" name="API_RegisterUser" time="0.020"/>
  <system-out/>
  <testcase classname="local.HLVTestApp.APITests.API_RegisterUserTests" name="API_RegisterUser" time="0.017"/>
  <system-out/>
  <testcase classname="local.HLVTestApp.APITests.API_RegisterUserTests" name="API_RegisterUser" time="0.016"/>
  <system-out/>
  <testcase classname="local.HLVTestApp.APITests.API_RegisterUserTests" name="API_RegisterUser" time="0.014"/>
  <system-out/>
</testsuite> <!-- local.HLVTestApp.APITests.API_RegisterUserTests -->
