<?xml version="1.0" encoding="UTF-8"?>
<!-- Generated by org.testng.reporters.JUnitReportReporter -->
<testsuite hostname="SIXNS289" failures="0" tests="4" name="local.HLVTestApp.loginandsignuptests.UserRegistrationTests" time="65.090" errors="0" timestamp="2021-09-10T03:29:11 CEST" skipped="0">
  <testcase classname="local.HLVTestApp.loginandsignuptests.UserRegistrationTests" name="verifySuccessfullSignUpAction" time="15.989"/>
  <system-out/>
  <testcase classname="local.HLVTestApp.loginandsignuptests.UserRegistrationTests" name="verifySuccessfullSignUpAction" time="16.413"/>
  <system-out/>
  <testcase classname="local.HLVTestApp.loginandsignuptests.UserRegistrationTests" name="verifySuccessfullSignUpAction" time="16.242"/>
  <system-out/>
  <testcase classname="local.HLVTestApp.loginandsignuptests.UserRegistrationTests" name="verifySuccessfullSignUpAction" time="16.446"/>
  <system-out/>
</testsuite> <!-- local.HLVTestApp.loginandsignuptests.UserRegistrationTests -->
