<?xml version="1.0" encoding="UTF-8"?>
<!-- Generated by org.testng.reporters.JUnitReportReporter -->
<testsuite hostname="Aleksandar" failures="0" tests="5" name="local.HLVTestApp.APITests.API_DeleteByUsernameTests" time="0.082" errors="0" timestamp="2021-09-16T17:37:31 CEST" skipped="0">
  <testcase classname="local.HLVTestApp.APITests.API_DeleteByUsernameTests" name="API_DeleteByUsername" time="0.011"/>
  <system-out/>
  <testcase classname="local.HLVTestApp.APITests.API_DeleteByUsernameTests" name="API_DeleteByUsername" time="0.010"/>
  <system-out/>
  <testcase classname="local.HLVTestApp.APITests.API_DeleteByUsernameTests" name="API_DeleteByUsername" time="0.016"/>
  <system-out/>
  <testcase classname="local.HLVTestApp.APITests.API_DeleteByUsernameTests" name="API_DeleteByUsername" time="0.016"/>
  <system-out/>
  <testcase classname="local.HLVTestApp.APITests.API_DeleteByUsernameTests" name="API_DeleteByUsername" time="0.029"/>
  <system-out/>
</testsuite> <!-- local.HLVTestApp.APITests.API_DeleteByUsernameTests -->
